<?xml version="1.0" encoding="UTF-8"?>
<TestRun id="8b8ec74a-3d7d-477e-a82b-e8736abdde24" name="yaqiZhao@YAQIZHAO-PC 2014-03-14 10:57:51" runUser="yaqiZhao-PC\yaqiZhao" xmlns="http://microsoft.com/schemas/VisualStudio/TeamTest/2010">
  <TestSettings name="Local" id="4eaafb93-cc7d-44a1-ac8e-fcbf96266a04">
    <Description>These are default test settings for a local test run.</Description>
    <Deployment enabled="false" runDeploymentRoot="yaqiZhao_YAQIZHAO-PC 2014-03-14 10_57_51" />
    <Execution>
      <TestTypeSpecific />
      <AgentRule name="Execution Agents">
      </AgentRule>
    </Execution>
  </TestSettings>
  <Times creation="2014-03-14T10:57:51.5383693+08:00" queuing="2014-03-14T10:57:52.8794460+08:00" start="2014-03-14T10:57:52.9724513+08:00" finish="2014-03-14T10:57:54.4295346+08:00" />
  <ResultSummary outcome="Completed">
    <Counters total="1" executed="1" passed="1" error="0" failed="0" timeout="0" aborted="0" inconclusive="0" passedButRunAborted="0" notRunnable="0" notExecuted="0" disconnected="0" warning="0" completed="0" inProgress="0" pending="0" />
  </ResultSummary>
  <TestDefinitions>
    <UnitTest name="CanReadGISLocation" storage="c:\users\yaqizhao\documents\visual studio 2010\projects\relidemo\relitest\bin\release\relitest.dll" id="e83e5213-0603-970e-47ac-2a5d35f77ebd">
      <Execution id="43561f82-a0aa-4c49-882f-0b07a8f4c007" />
      <TestMethod codeBase="C:/Users/yaqiZhao/documents/visual studio 2010/projects/ReliDemo/ReliTest/bin/Release/ReliTest.DLL" adapterTypeName="Microsoft.VisualStudio.TestTools.TestTypes.Unit.UnitTestAdapter, Microsoft.VisualStudio.QualityTools.Tips.UnitTest.Adapter, Version=10.0.0.0, Culture=neutral, PublicKeyToken=b03f5f7f11d50a3a" className="ReliTest.GISTests, ReliTest, Version=1.0.0.0, Culture=neutral, PublicKeyToken=null" name="CanReadGISLocation" />
    </UnitTest>
  </TestDefinitions>
  <TestLists>
    <TestList name="Results Not in a List" id="8c84fa94-04c1-424b-9868-57a2d4851a1d" />
    <TestList name="All Loaded Results" id="19431567-8539-422a-85d7-44ee4e166bda" />
  </TestLists>
  <TestEntries>
    <TestEntry testId="e83e5213-0603-970e-47ac-2a5d35f77ebd" executionId="43561f82-a0aa-4c49-882f-0b07a8f4c007" testListId="8c84fa94-04c1-424b-9868-57a2d4851a1d" />
  </TestEntries>
  <Results>
    <UnitTestResult executionId="43561f82-a0aa-4c49-882f-0b07a8f4c007" testId="e83e5213-0603-970e-47ac-2a5d35f77ebd" testName="CanReadGISLocation" computerName="YAQIZHAO-PC" duration="00:00:00.1943998" startTime="2014-03-14T10:57:53.0494557+08:00" endTime="2014-03-14T10:57:54.3975328+08:00" testType="13cdc9d9-ddb5-4fa4-a97d-d965ccfc6d4b" outcome="Passed" testListId="8c84fa94-04c1-424b-9868-57a2d4851a1d" relativeResultsDirectory="43561f82-a0aa-4c49-882f-0b07a8f4c007">
    </UnitTestResult>
  </Results>
</TestRun>