<?xml version="1.0" encoding="UTF-8"?>
<TestRun id="6164143c-fa36-4a29-92cb-8cb7e16f4d98" name="yaqiZhao@YAQIZHAO-PC 2014-03-14 11:10:28" runUser="yaqiZhao-PC\yaqiZhao" xmlns="http://microsoft.com/schemas/VisualStudio/TeamTest/2010">
  <TestSettings name="Local" id="4eaafb93-cc7d-44a1-ac8e-fcbf96266a04">
    <Description>These are default test settings for a local test run.</Description>
    <Deployment enabled="false" runDeploymentRoot="yaqiZhao_YAQIZHAO-PC 2014-03-14 11_10_28" />
    <Execution>
      <TestTypeSpecific />
      <AgentRule name="Execution Agents">
      </AgentRule>
    </Execution>
  </TestSettings>
  <Times creation="2014-03-14T11:10:28.5056653+08:00" queuing="2014-03-14T11:10:29.9387473+08:00" start="2014-03-14T11:10:30.0187519+08:00" finish="2014-03-14T11:11:03.5786714+08:00" />
  <ResultSummary outcome="Error">
    <Counters total="1" executed="1" error="0" failed="0" timeout="0" aborted="1" inconclusive="0" passedButRunAborted="0" notRunnable="0" notExecuted="0" disconnected="0" warning="0" passed="0" completed="0" inProgress="0" pending="0" />
    <RunInfos>
      <RunInfo computerName="YAQIZHAO-PC" outcome="Error" timestamp="2014-03-14T11:11:03.5786714+08:00">
        <Text>Test host process exited unexpectedly.</Text>
      </RunInfo>
    </RunInfos>
  </ResultSummary>
  <TestDefinitions>
    <UnitTest name="CanReadGISLocation" storage="c:\users\yaqizhao\documents\visual studio 2010\projects\relidemo\relitest\bin\release\relitest.dll" id="e83e5213-0603-970e-47ac-2a5d35f77ebd">
      <Execution id="f82eb964-5301-4eb2-810e-c098b0920e51" />
      <TestMethod codeBase="C:/Users/yaqiZhao/documents/visual studio 2010/projects/ReliDemo/ReliTest/bin/Release/ReliTest.DLL" adapterTypeName="Microsoft.VisualStudio.TestTools.TestTypes.Unit.UnitTestAdapter, Microsoft.VisualStudio.QualityTools.Tips.UnitTest.Adapter, Version=10.0.0.0, Culture=neutral, PublicKeyToken=b03f5f7f11d50a3a" className="ReliTest.GISTests, ReliTest, Version=1.0.0.0, Culture=neutral, PublicKeyToken=null" name="CanReadGISLocation" />
    </UnitTest>
  </TestDefinitions>
  <TestLists>
    <TestList name="Results Not in a List" id="8c84fa94-04c1-424b-9868-57a2d4851a1d" />
    <TestList name="All Loaded Results" id="19431567-8539-422a-85d7-44ee4e166bda" />
  </TestLists>
  <TestEntries>
    <TestEntry testId="e83e5213-0603-970e-47ac-2a5d35f77ebd" executionId="f82eb964-5301-4eb2-810e-c098b0920e51" testListId="8c84fa94-04c1-424b-9868-57a2d4851a1d" />
  </TestEntries>
  <Results>
    <UnitTestResult executionId="f82eb964-5301-4eb2-810e-c098b0920e51" testId="e83e5213-0603-970e-47ac-2a5d35f77ebd" testName="CanReadGISLocation" computerName="YAQIZHAO-PC" duration="00:00:23.2373291" startTime="2014-03-14T11:10:30.0947562+08:00" endTime="2014-03-14T11:10:53.3320853+08:00" testType="13cdc9d9-ddb5-4fa4-a97d-d965ccfc6d4b" outcome="Aborted" testListId="8c84fa94-04c1-424b-9868-57a2d4851a1d" relativeResultsDirectory="f82eb964-5301-4eb2-810e-c098b0920e51">
      <Output>
        <ErrorInfo>
          <Message>User aborted test run.</Message>
        </ErrorInfo>
      </Output>
    </UnitTestResult>
  </Results>
</TestRun>