<?xml version="1.0" encoding="UTF-8"?>
<TestRun id="ede58a60-e503-4762-99dd-7db7e52cd03f" name="yaqiZhao@YAQIZHAO-PC 2014-03-14 11:18:39" runUser="yaqiZhao-PC\yaqiZhao" xmlns="http://microsoft.com/schemas/VisualStudio/TeamTest/2010">
  <TestSettings name="Local" id="4eaafb93-cc7d-44a1-ac8e-fcbf96266a04">
    <Description>These are default test settings for a local test run.</Description>
    <Deployment enabled="false" runDeploymentRoot="yaqiZhao_YAQIZHAO-PC 2014-03-14 11_18_39" />
    <Execution>
      <TestTypeSpecific />
      <AgentRule name="Execution Agents">
      </AgentRule>
    </Execution>
  </TestSettings>
  <Times creation="2014-03-14T11:18:39.0887251+08:00" queuing="2014-03-14T11:18:39.3507400+08:00" start="2014-03-14T11:18:39.3677410+08:00" finish="2014-03-14T11:18:39.6187554+08:00" />
  <ResultSummary outcome="Completed">
    <Counters total="1" executed="1" passed="1" error="0" failed="0" timeout="0" aborted="0" inconclusive="0" passedButRunAborted="0" notRunnable="0" notExecuted="0" disconnected="0" warning="0" completed="0" inProgress="0" pending="0" />
  </ResultSummary>
  <TestDefinitions>
    <UnitTest name="CanReadGISLocation" storage="c:\users\yaqizhao\documents\visual studio 2010\projects\relidemo\relitest\bin\release\relitest.dll" id="e83e5213-0603-970e-47ac-2a5d35f77ebd">
      <Execution id="de1384d7-2771-486d-97ce-0180a5c1892b" />
      <TestMethod codeBase="C:/Users/yaqiZhao/documents/visual studio 2010/projects/ReliDemo/ReliTest/bin/Release/ReliTest.DLL" adapterTypeName="Microsoft.VisualStudio.TestTools.TestTypes.Unit.UnitTestAdapter, Microsoft.VisualStudio.QualityTools.Tips.UnitTest.Adapter, Version=10.0.0.0, Culture=neutral, PublicKeyToken=b03f5f7f11d50a3a" className="ReliTest.GISTests, ReliTest, Version=1.0.0.0, Culture=neutral, PublicKeyToken=null" name="CanReadGISLocation" />
    </UnitTest>
  </TestDefinitions>
  <TestLists>
    <TestList name="Results Not in a List" id="8c84fa94-04c1-424b-9868-57a2d4851a1d" />
    <TestList name="All Loaded Results" id="19431567-8539-422a-85d7-44ee4e166bda" />
  </TestLists>
  <TestEntries>
    <TestEntry testId="e83e5213-0603-970e-47ac-2a5d35f77ebd" executionId="de1384d7-2771-486d-97ce-0180a5c1892b" testListId="8c84fa94-04c1-424b-9868-57a2d4851a1d" />
  </TestEntries>
  <Results>
    <UnitTestResult executionId="de1384d7-2771-486d-97ce-0180a5c1892b" testId="e83e5213-0603-970e-47ac-2a5d35f77ebd" testName="CanReadGISLocation" computerName="YAQIZHAO-PC" duration="00:00:00.0576529" startTime="2014-03-14T11:18:39.3727413+08:00" endTime="2014-03-14T11:18:39.5967541+08:00" testType="13cdc9d9-ddb5-4fa4-a97d-d965ccfc6d4b" outcome="Passed" testListId="8c84fa94-04c1-424b-9868-57a2d4851a1d" relativeResultsDirectory="de1384d7-2771-486d-97ce-0180a5c1892b">
    </UnitTestResult>
  </Results>
</TestRun>