<?xml version="1.0" encoding="UTF-8"?>
<TestRun id="3f6e61a0-ab68-4bc8-89dc-3f5cdc8a0172" name="yaqiZhao@YAQIZHAO-PC 2014-03-14 10:06:44" runUser="yaqiZhao-PC\yaqiZhao" xmlns="http://microsoft.com/schemas/VisualStudio/TeamTest/2010">
  <TestSettings name="Local" id="4eaafb93-cc7d-44a1-ac8e-fcbf96266a04">
    <Description>These are default test settings for a local test run.</Description>
    <Deployment enabled="false" runDeploymentRoot="yaqiZhao_YAQIZHAO-PC 2014-03-14 10_06_44" />
    <Execution>
      <TestTypeSpecific />
      <AgentRule name="Execution Agents">
      </AgentRule>
    </Execution>
  </TestSettings>
  <Times creation="2014-03-14T10:06:44.9229689+08:00" queuing="2014-03-14T10:06:49.8802524+08:00" start="2014-03-14T10:06:50.0282609+08:00" finish="2014-03-14T10:07:45.7564484+08:00" />
  <ResultSummary outcome="Completed">
    <Counters total="1" executed="1" passed="1" error="0" failed="0" timeout="0" aborted="0" inconclusive="0" passedButRunAborted="0" notRunnable="0" notExecuted="0" disconnected="0" warning="0" completed="0" inProgress="0" pending="0" />
  </ResultSummary>
  <TestDefinitions>
    <UnitTest name="CanReadGISLocation" storage="c:\users\yaqizhao\documents\visual studio 2010\projects\relidemo\relitest\bin\release\relitest.dll" id="e83e5213-0603-970e-47ac-2a5d35f77ebd">
      <Execution id="b9c525a9-b2cd-4924-b23b-5be724c24f4a" />
      <TestMethod codeBase="C:/Users/yaqiZhao/documents/visual studio 2010/projects/ReliDemo/ReliTest/bin/Release/ReliTest.DLL" adapterTypeName="Microsoft.VisualStudio.TestTools.TestTypes.Unit.UnitTestAdapter, Microsoft.VisualStudio.QualityTools.Tips.UnitTest.Adapter, Version=10.0.0.0, Culture=neutral, PublicKeyToken=b03f5f7f11d50a3a" className="ReliTest.GISTests, ReliTest, Version=1.0.0.0, Culture=neutral, PublicKeyToken=null" name="CanReadGISLocation" />
    </UnitTest>
  </TestDefinitions>
  <TestLists>
    <TestList name="Results Not in a List" id="8c84fa94-04c1-424b-9868-57a2d4851a1d" />
    <TestList name="All Loaded Results" id="19431567-8539-422a-85d7-44ee4e166bda" />
  </TestLists>
  <TestEntries>
    <TestEntry testId="e83e5213-0603-970e-47ac-2a5d35f77ebd" executionId="b9c525a9-b2cd-4924-b23b-5be724c24f4a" testListId="8c84fa94-04c1-424b-9868-57a2d4851a1d" />
  </TestEntries>
  <Results>
    <UnitTestResult executionId="b9c525a9-b2cd-4924-b23b-5be724c24f4a" testId="e83e5213-0603-970e-47ac-2a5d35f77ebd" testName="CanReadGISLocation" computerName="YAQIZHAO-PC" duration="00:00:53.8112262" startTime="2014-03-14T10:06:50.1222663+08:00" endTime="2014-03-14T10:07:45.5384359+08:00" testType="13cdc9d9-ddb5-4fa4-a97d-d965ccfc6d4b" outcome="Passed" testListId="8c84fa94-04c1-424b-9868-57a2d4851a1d" relativeResultsDirectory="b9c525a9-b2cd-4924-b23b-5be724c24f4a">
      <Output>
        <StdOut>System.Net.Sockets.SocketException (0x80004005): An existing connection was forcibly closed by the remote host
   at System.Net.Sockets.Socket.ReceiveFrom(Byte[] buffer, Int32 offset, Int32 size, SocketFlags socketFlags, EndPoint&amp; remoteEP)
   at System.Net.Sockets.UdpClient.Receive(IPEndPoint&amp; remoteEP)
   at ReliTest.GISTests.CanReadGISLocation() in C:\Users\yaqiZhao\documents\visual studio 2010\projects\ReliDemo\ReliTest\GISTests.cs:line 80</StdOut>
      </Output>
    </UnitTestResult>
  </Results>
</TestRun>